# //  ModelSim SE 2019.1 Jan  1 2019 Linux 4.18.0-372.19.1.el8_6.x86_64
# //
# //  Copyright 1991-2019 Mentor Graphics Corporation
# //  All Rights Reserved.
# //
# //  ModelSim SE and its associated documentation contain trade
# //  secrets and commercial or financial information that are the property of
# //  Mentor Graphics Corporation and are privileged, confidential,
# //  and exempt from disclosure under the Freedom of Information Act,
# //  5 U.S.C. Section 552. Furthermore, this information
# //  is prohibited from disclosure under the Trade Secrets Act,
# //  18 U.S.C. Section 1905.
# //
# Project file /home/a22688_asu/asap7_rundir/lab4_final/Post_synthesis/GCN.mpf was not found.
# Unable to open project.
# Loading project GCN_Postapr
# Compile of gcn.apr.v was successful.
# Compile of asap7sc7p5t_24_AO_RVT_TT.v was successful.
# Compile of asap7sc7p5t_24_INVBUF_RVT_TT.v was successful.
# Compile of asap7sc7p5t_24_OA_RVT_TT.v was successful.
# Compile of asap7sc7p5t_24_SEQ_RVT_TT.v was successful.
# Compile of asap7sc7p5t_24_SIMPLE_RVT_TT.v was successful.
# Compile of GCN_TB_post_syn_apr.sv was successful.
# 7 compiles, 0 failed with no errors.
vsim work.GCN_TB -voptargs=+acc
# vsim work.GCN_TB -voptargs="+acc" 
# Start time: 05:41:41 on May 02,2025
# ** Note: (vsim-3812) Design is being optimized...
# ** Warning: /home/a22688_asu/asap7_rundir/Lab4_MS1_1233308806/Innovus/gcn.apr.v(58728): (vopt-2685) [TFMPC] - Too few port connections for 'U2332'.  Expected 5, found 4.
# ** Warning: /home/a22688_asu/asap7_rundir/Lab4_MS1_1233308806/Innovus/gcn.apr.v(58728): (vopt-2718) [TFMPC] - Missing connection for port 'CON'.
# ** Warning: /home/a22688_asu/asap7_rundir/Lab4_MS1_1233308806/Innovus/gcn.apr.v(58769): (vopt-2685) [TFMPC] - Too few port connections for 'U2344'.  Expected 5, found 4.
# ** Warning: /home/a22688_asu/asap7_rundir/Lab4_MS1_1233308806/Innovus/gcn.apr.v(58769): (vopt-2718) [TFMPC] - Missing connection for port 'CON'.
# ** Warning: /home/a22688_asu/asap7_rundir/Lab4_MS1_1233308806/Innovus/gcn.apr.v(58822): (vopt-2685) [TFMPC] - Too few port connections for 'U2359'.  Expected 5, found 4.
# ** Warning: /home/a22688_asu/asap7_rundir/Lab4_MS1_1233308806/Innovus/gcn.apr.v(58822): (vopt-2718) [TFMPC] - Missing connection for port 'CON'.
# Loading sv_std.std
# Loading work.GCN_TB(fast)
# Loading work.GCN(fast)
# Loading work.AOI21xp5_ASAP7_75t_R(fast)
# Loading work.AOI31xp33_ASAP7_75t_R(fast)
# Loading work.BUFx3_ASAP7_75t_R(fast)
# Loading work.BUFx2_ASAP7_75t_R(fast)
# Loading work.BUFx6f_ASAP7_75t_R(fast)
# Loading work.BUFx12f_ASAP7_75t_R(fast)
# Loading work.HB1xp67_ASAP7_75t_R(fast)
# Loading work.INVx1_ASAP7_75t_R(fast)
# Loading work.INVx2_ASAP7_75t_R(fast)
# Loading work.Transformation(fast)
# Loading work.OR2x2_ASAP7_75t_R(fast)
# Loading work.NAND2xp5_ASAP7_75t_R(fast)
# Loading work.INVx5_ASAP7_75t_R(fast)
# Loading work.INVx3_ASAP7_75t_R(fast)
# Loading work.BUFx10_ASAP7_75t_R(fast)
# Loading work.BUFx12f_ASAP7_75t_R(fast__1)
# Loading work.Vector_Multiplier(fast)
# Loading work.XNOR2xp5_ASAP7_75t_R(fast)
# Loading work.MAJIxp5_ASAP7_75t_R(fast)
# Loading work.XOR2xp5_ASAP7_75t_R(fast)
# Loading work.INVxp33_ASAP7_75t_R(fast)
# Loading work.OAI21x1_ASAP7_75t_R(fast)
# Loading work.NAND2xp33_ASAP7_75t_R(fast)
# Loading work.NOR2xp33_ASAP7_75t_R(fast)
# Loading work.NOR2xp67_ASAP7_75t_R(fast)
# Loading work.OAI21xp5_ASAP7_75t_R(fast)
# Loading work.OAI22xp5_ASAP7_75t_R(fast)
# Loading work.INVxp67_ASAP7_75t_R(fast)
# Loading work.NOR2x1_ASAP7_75t_R(fast)
# Loading work.OAI21xp33_ASAP7_75t_R(fast)
# Loading work.AO21x1_ASAP7_75t_R(fast)
# Loading work.OAI22x1_ASAP7_75t_R(fast)
# Loading work.NAND3xp33_ASAP7_75t_R(fast)
# Loading work.OAI22xp33_ASAP7_75t_R(fast)
# Loading work.AO222x2_ASAP7_75t_R(fast)
# Loading work.NAND2x1_ASAP7_75t_R(fast)
# Loading work.AOI21xp33_ASAP7_75t_R(fast)
# Loading work.FAx1_ASAP7_75t_R(fast)
# Loading work.NOR3xp33_ASAP7_75t_R(fast)
# Loading work.O2A1O1Ixp5_ASAP7_75t_R(fast)
# Loading work.ASYNC_DFFHx1_ASAP7_75t_R(fast)
# Loading work.DHLx1_ASAP7_75t_R(fast)
# Loading work.TIELOx1_ASAP7_75t_R(fast)
# Loading work.O2A1O1Ixp33_ASAP7_75t_R(fast)
# Loading work.A2O1A1Ixp33_ASAP7_75t_R(fast)
# Loading work.NOR3x1_ASAP7_75t_R(fast)
# Loading work.AND2x2_ASAP7_75t_R(fast)
# Loading work.OR3x1_ASAP7_75t_R(fast)
add wave -position insertpoint sim:/GCN_TB/*
run -all
# max_addi_answer[0]     DUT: 0       GOLD: 0 
# max_addi_answer[1]     DUT: 0       GOLD: 0 
# max_addi_answer[2]     DUT: 0       GOLD: 0 
# max_addi_answer[3]     DUT: 1       GOLD: 1 
# max_addi_answer[4]     DUT: 1       GOLD: 1 
# max_addi_answer[5]     DUT: 2       GOLD: 2 
# 
# 
# ** Note: $finish    : /home/a22688_asu/asap7_rundir/Lab4_MS1_1233308806/Post_synthesis/GCN_TB_post_syn_apr.sv(123)
#    Time: 80502 ps  Iteration: 0  Instance: /GCN_TB
# 1
# Break in Module GCN_TB at /home/a22688_asu/asap7_rundir/Lab4_MS1_1233308806/Post_synthesis/GCN_TB_post_syn_apr.sv line 123
# Causality operation skipped due to absence of debug database file
# End time: 06:15:27 on May 02,2025, Elapsed time: 0:33:46
# Errors: 2, Warnings: 7
